<?xml version="1.0" encoding="utf-8"?><testsuites name="pytest tests"><testsuite name="pytest" errors="0" failures="1" skipped="0" tests="37" time="10.568" timestamp="2026-08-24T18:20:14.107357+00:00" hostname="agent-env-07300bab-2de9-4b58-8327-3569b14d9ea9"><testcase classname="tests.backend_test.TestPublicTags" name="test_unknown_tag_404" time="1.394" /><testcase classname="tests.backend_test.TestAuth" name="test_login_success_sets_cookie" time="1.398" /><testcase classname="tests.backend_test.TestAuth" name="test_login_wrong_password" time="0.565" /><testcase classname="tests.backend_test.TestPublicTags" name="test_claim_vehicle_normalizes_plate" time="0.946" /><testcase classname="tests.backend_test.TestAuth" name="test_login_unknown_email" time="0.082" /><testcase classname="tests.backend_test.TestAuth" name="test_login_email_case_insensitive" time="0.346" /><testcase classname="tests.backend_test.TestPublicTags" name="test_claim_phone_normalization" time="0.347" /><testcase classname="tests.backend_test.TestPublicTags" name="test_claim_missing_vehicle_number" time="0.152" /><testcase classname="tests.backend_test.TestAuth" name="test_me_with_bearer" time="0.460" /><testcase classname="tests.backend_test.TestPublicTags" name="test_claim_invalid_phone[12345]" time="0.152" /><testcase classname="tests.backend_test.TestAuth" name="test_me_no_token" time="0.138" /><testcase classname="tests.backend_test.TestAuth" name="test_me_bad_token" time="0.157" /><testcase classname="tests.backend_test.TestPublicTags" name="test_claim_invalid_phone[5555555555]" time="0.162" /><testcase classname="tests.backend_test.TestAuth" name="test_me_with_cookie_only" time="0.570" /><testcase classname="tests.backend_test.TestPublicTags" name="test_claim_invalid_phone[abcdefghij]" time="0.369" /><testcase classname="tests.backend_test.TestPublicTags" name="test_claim_invalid_plate" time="0.166" /><testcase classname="tests.backend_test.TestPublicTags" name="test_claim_already_active_409" time="0.390" /><testcase classname="tests.backend_test.TestAuth" name="test_logout" time="0.482" /><testcase classname="tests.backend_test.TestPublicTags" name="test_claim_unknown_tag_404" time="0.119" /><testcase classname="tests.backend_test.TestAdminTags" name="test_batch_requires_auth" time="0.140" /><testcase classname="tests.backend_test.TestAuth" name="test_bcrypt_hash_format" time="0.132" /><testcase classname="tests.backend_test.TestAuth" name="test_brute_force_lockout" time="3.902"><failure message="AssertionError: no lockout applied, codes=[401, 401, 401, 401, 401, 401]&#10;assert (429 in [401, 401, 401, 401, 401, 401] or 423 in [401, 401, 401, 401, 401, 401])">E   AssertionError: no lockout applied, codes=[401, 401, 401, 401, 401, 401]
    assert (429 in [401, 401, 401, 401, 401, 401] or 423 in [401, 401, 401, 401, 401, 401])</failure></testcase><testcase classname="tests.backend_test.TestAdminTags" name="test_batch_creates_sequential" time="0.397" /><testcase classname="tests.backend_test.TestAdminTags" name="test_batch_invalid_count" time="0.395" /><testcase classname="tests.backend_test.TestAdminTags" name="test_stats" time="0.248" /><testcase classname="tests.backend_test.TestAdminTags" name="test_stats_requires_auth" time="0.349" /><testcase classname="tests.backend_test.TestAdminTags" name="test_list_tags_no_mongo_id" time="0.090" /><testcase classname="tests.backend_test.TestAdminTags" name="test_qr_zip" time="2.158" /><testcase classname="tests.backend_test.TestAdminTags" name="test_qr_zip_requires_auth" time="0.210" /><testcase classname="tests.backend_test.TestHealth" name="test_root" time="0.101" /><testcase classname="tests.backend_test.TestOrders" name="test_config" time="0.127" /><testcase classname="tests.backend_test.TestOrders" name="test_create_order" time="0.902" /><testcase classname="tests.backend_test.TestOrders" name="test_create_order_invalid_phone" time="0.083" /><testcase classname="tests.backend_test.TestOrders" name="test_create_order_short_address" time="0.077" /><testcase classname="tests.backend_test.TestOrders" name="test_verify_bad_signature" time="0.079" /><testcase classname="tests.backend_test.TestOrders" name="test_admin_orders" time="0.085" /><testcase classname="tests.backend_test.TestOrders" name="test_admin_orders_requires_auth" time="0.160" /></testsuite></testsuites>